cameradetect/app/build/intermediates/manifest_merge_blame_file/debug/manifest-merger-blame-debug-report.txt
1<?xml version="1.0" encoding="utf-8"?>
2<manifest xmlns:android="http://schemas.android.com/apk/res/android"
3    package="com.google.mlkit.codelab.objectdetection"
4    android:versionCode="1"
5    android:versionName="1.0" >
6
7    <uses-sdk
8        android:minSdkVersion="23"
8-->src/main/AndroidManifest.xml
9        android:targetSdkVersion="30" />
9-->src/main/AndroidManifest.xml
10
11    <uses-permission android:name="android.permission.INTERNET" />
11-->src/main/AndroidManifest.xml:5:5-67
11-->src/main/AndroidManifest.xml:5:22-64
12
13    <!-- Although the *SdkVersion is captured in gradle build files, this is required for non gradle builds -->
14    <!-- <uses-sdk android:minSdkVersion="14"/> -->
15    <uses-permission android:name="android.permission.ACCESS_NETWORK_STATE" />
15-->[com.google.android.datatransport:transport-backend-cct:2.3.2] AndroidManifest.xml:25:5-79
15-->[com.google.android.datatransport:transport-backend-cct:2.3.2] AndroidManifest.xml:25:22-76
16
17    <application
17-->src/main/AndroidManifest.xml:7:5-31:19
18        android:allowBackup="true"
18-->src/main/AndroidManifest.xml:8:9-35
19        android:appComponentFactory="androidx.core.app.CoreComponentFactory"
19-->[androidx.core:core:1.3.2] AndroidManifest.xml:24:18-86
20        android:debuggable="true"
21        android:extractNativeLibs="false"
22        android:icon="@mipmap/ic_launcher"
22-->src/main/AndroidManifest.xml:9:9-43
23        android:label="@string/app_name"
23-->src/main/AndroidManifest.xml:10:9-41
24        android:roundIcon="@mipmap/ic_launcher_round"
24-->src/main/AndroidManifest.xml:11:9-54
25        android:supportsRtl="true"
25-->src/main/AndroidManifest.xml:12:9-35
26        android:testOnly="true"
27        android:theme="@style/Theme.ObjectDetection" >
27-->src/main/AndroidManifest.xml:13:9-53
28        <activity android:name="com.google.mlkit.codelab.objectdetection.MainActivity" >
28-->src/main/AndroidManifest.xml:14:9-20:20
28-->src/main/AndroidManifest.xml:14:19-47
29            <intent-filter>
29-->src/main/AndroidManifest.xml:15:13-19:29
30                <action android:name="android.intent.action.MAIN" />
30-->src/main/AndroidManifest.xml:16:17-69
30-->src/main/AndroidManifest.xml:16:25-66
31
32                <category android:name="android.intent.category.LAUNCHER" />
32-->src/main/AndroidManifest.xml:18:17-77
32-->src/main/AndroidManifest.xml:18:27-74
33            </intent-filter>
34        </activity>
35
36        <provider
36-->src/main/AndroidManifest.xml:22:9-30:20
37            android:name="androidx.core.content.FileProvider"
37-->src/main/AndroidManifest.xml:23:13-62
38            android:authorities="com.google.mlkit.codelab.objectdetection.fileprovider"
38-->src/main/AndroidManifest.xml:24:13-88
39            android:exported="false"
39-->src/main/AndroidManifest.xml:25:13-37
40            android:grantUriPermissions="true" >
40-->src/main/AndroidManifest.xml:26:13-47
41            <meta-data
41-->src/main/AndroidManifest.xml:27:13-29:54
42                android:name="android.support.FILE_PROVIDER_PATHS"
42-->src/main/AndroidManifest.xml:28:17-67
43                android:resource="@xml/file_paths" />
43-->src/main/AndroidManifest.xml:29:17-51
44        </provider>
45
46        <service
46-->[com.google.mlkit:object-detection:16.2.3] AndroidManifest.xml:8:9-14:19
47            android:name="com.google.mlkit.common.internal.MlKitComponentDiscoveryService"
47-->[com.google.mlkit:object-detection:16.2.3] AndroidManifest.xml:9:13-91
48            android:directBootAware="true"
48-->[com.google.mlkit:common:17.1.1] AndroidManifest.xml:17:13-43
49            android:exported="false" >
49-->[com.google.mlkit:object-detection:16.2.3] AndroidManifest.xml:10:13-37
50            <meta-data
50-->[com.google.mlkit:object-detection:16.2.3] AndroidManifest.xml:11:13-13:85
51                android:name="com.google.firebase.components:com.google.mlkit.vision.objects.defaults.internal.DefaultObjectsRegistrar"
51-->[com.google.mlkit:object-detection:16.2.3] AndroidManifest.xml:12:17-136
52                android:value="com.google.firebase.components.ComponentRegistrar" />
52-->[com.google.mlkit:object-detection:16.2.3] AndroidManifest.xml:13:17-82
53            <meta-data
53-->[com.google.mlkit:vision-internal-vkp:18.0.0] AndroidManifest.xml:11:13-13:85
54                android:name="com.google.firebase.components:com.google.mlkit.vision.vkp.VkpRegistrar"
54-->[com.google.mlkit:vision-internal-vkp:18.0.0] AndroidManifest.xml:12:17-103
55                android:value="com.google.firebase.components.ComponentRegistrar" />
55-->[com.google.mlkit:vision-internal-vkp:18.0.0] AndroidManifest.xml:13:17-82
56            <meta-data
56-->[com.google.mlkit:vision-common:16.3.0] AndroidManifest.xml:12:13-14:85
57                android:name="com.google.firebase.components:com.google.mlkit.vision.common.internal.VisionCommonRegistrar"
57-->[com.google.mlkit:vision-common:16.3.0] AndroidManifest.xml:13:17-124
58                android:value="com.google.firebase.components.ComponentRegistrar" />
58-->[com.google.mlkit:vision-common:16.3.0] AndroidManifest.xml:14:17-82
59            <meta-data
59-->[com.google.mlkit:common:17.1.1] AndroidManifest.xml:20:13-22:85
60                android:name="com.google.firebase.components:com.google.mlkit.common.internal.CommonComponentRegistrar"
60-->[com.google.mlkit:common:17.1.1] AndroidManifest.xml:21:17-120
61                android:value="com.google.firebase.components.ComponentRegistrar" />
61-->[com.google.mlkit:common:17.1.1] AndroidManifest.xml:22:17-82
62        </service>
63
64        <provider
64-->[com.google.mlkit:common:17.1.1] AndroidManifest.xml:9:9-13:38
65            android:name="com.google.mlkit.common.internal.MlKitInitProvider"
65-->[com.google.mlkit:common:17.1.1] AndroidManifest.xml:10:13-78
66            android:authorities="com.google.mlkit.codelab.objectdetection.mlkitinitprovider"
66-->[com.google.mlkit:common:17.1.1] AndroidManifest.xml:11:13-69
67            android:exported="false"
67-->[com.google.mlkit:common:17.1.1] AndroidManifest.xml:12:13-37
68            android:initOrder="99" />
68-->[com.google.mlkit:common:17.1.1] AndroidManifest.xml:13:13-35
69
70        <activity
70-->[com.google.android.gms:play-services-base:17.4.0] AndroidManifest.xml:23:9-26:75
71            android:name="com.google.android.gms.common.api.GoogleApiActivity"
71-->[com.google.android.gms:play-services-base:17.4.0] AndroidManifest.xml:24:13-79
72            android:exported="false"
72-->[com.google.android.gms:play-services-base:17.4.0] AndroidManifest.xml:25:13-37
73            android:theme="@android:style/Theme.Translucent.NoTitleBar" />
73-->[com.google.android.gms:play-services-base:17.4.0] AndroidManifest.xml:26:13-72
74
75        <meta-data
75-->[com.google.android.gms:play-services-basement:17.4.0] AndroidManifest.xml:23:9-25:69
76            android:name="com.google.android.gms.version"
76-->[com.google.android.gms:play-services-basement:17.4.0] AndroidManifest.xml:24:13-58
77            android:value="@integer/google_play_services_version" />
77-->[com.google.android.gms:play-services-basement:17.4.0] AndroidManifest.xml:25:13-66
78
79        <service
79-->[com.google.android.datatransport:transport-backend-cct:2.3.2] AndroidManifest.xml:29:9-35:19
80            android:name="com.google.android.datatransport.runtime.backends.TransportBackendDiscovery"
80-->[com.google.android.datatransport:transport-backend-cct:2.3.2] AndroidManifest.xml:30:13-103
81            android:exported="false" >
81-->[com.google.android.datatransport:transport-backend-cct:2.3.2] AndroidManifest.xml:31:13-37
82            <meta-data
82-->[com.google.android.datatransport:transport-backend-cct:2.3.2] AndroidManifest.xml:32:13-34:39
83                android:name="backend:com.google.android.datatransport.cct.CctBackendFactory"
83-->[com.google.android.datatransport:transport-backend-cct:2.3.2] AndroidManifest.xml:33:17-94
84                android:value="cct" />
84-->[com.google.android.datatransport:transport-backend-cct:2.3.2] AndroidManifest.xml:34:17-36
85        </service>
86        <service
86-->[com.google.android.datatransport:transport-runtime:2.2.5] AndroidManifest.xml:26:9-30:19
87            android:name="com.google.android.datatransport.runtime.scheduling.jobscheduling.JobInfoSchedulerService"
87-->[com.google.android.datatransport:transport-runtime:2.2.5] AndroidManifest.xml:27:13-117
88            android:exported="false"
88-->[com.google.android.datatransport:transport-runtime:2.2.5] AndroidManifest.xml:28:13-37
89            android:permission="android.permission.BIND_JOB_SERVICE" >
89-->[com.google.android.datatransport:transport-runtime:2.2.5] AndroidManifest.xml:29:13-69
90        </service>
91
92        <receiver
92-->[com.google.android.datatransport:transport-runtime:2.2.5] AndroidManifest.xml:32:9-34:40
93            android:name="com.google.android.datatransport.runtime.scheduling.jobscheduling.AlarmManagerSchedulerBroadcastReceiver"
93-->[com.google.android.datatransport:transport-runtime:2.2.5] AndroidManifest.xml:33:13-132
94            android:exported="false" />
94-->[com.google.android.datatransport:transport-runtime:2.2.5] AndroidManifest.xml:34:13-37
95
96        <provider
96-->[androidx.lifecycle:lifecycle-process:2.1.0] AndroidManifest.xml:23:9-27:43
97            android:name="androidx.lifecycle.ProcessLifecycleOwnerInitializer"
97-->[androidx.lifecycle:lifecycle-process:2.1.0] AndroidManifest.xml:24:13-79
98            android:authorities="com.google.mlkit.codelab.objectdetection.lifecycle-process"
98-->[androidx.lifecycle:lifecycle-process:2.1.0] AndroidManifest.xml:25:13-69
99            android:exported="false"
99-->[androidx.lifecycle:lifecycle-process:2.1.0] AndroidManifest.xml:26:13-37
100            android:multiprocess="true" />
100-->[androidx.lifecycle:lifecycle-process:2.1.0] AndroidManifest.xml:27:13-40
101    </application>
102
103</manifest>